# JRE version: Java(TM) SE Runtime Environment (8.0_05-b13) (build 1.8.0_05-b13)
# Java VM: Java HotSpot(TM) 64-Bit Server VM (25.5-b02 mixed mode windows-amd64 compressed oops)
Heap:
 def new generation   total 61632K, used 27471K [0x00000000a2400000, 0x00000000a66e0000, 0x00000000c1800000)
  eden space 54784K,  41% used [0x00000000a2400000, 0x00000000a3a4d100, 0x00000000a5980000)
  from space 6848K,  67% used [0x00000000a5980000, 0x00000000a5e06e90, 0x00000000a6030000)
  to   space 6848K,   0% used [0x00000000a6030000, 0x00000000a6030000, 0x00000000a66e0000)
 tenured generation   total 136892K, used 105041K [0x00000000c1800000, 0x00000000c9daf000, 0x0000000100000000)
   the space 136892K,  76% used [0x00000000c1800000, 0x00000000c7e947c8, 0x00000000c7e94800, 0x00000000c9daf000)
 Metaspace       used 51797K, capacity 53196K, committed 53504K, reserved 1095680K
  class space    used 7064K, capacity 7344K, committed 7424K, reserved 1048576K
GC Heap History (10 events):
Event: 45.822 GC heap before
{Heap before GC invocations=360 (full 3):
 def new generation   total 61632K, used 59443K [0x00000000a2400000, 0x00000000a66e0000, 0x00000000c1800000)
  eden space 54784K, 100% used [0x00000000a2400000, 0x00000000a5980000, 0x00000000a5980000)
  from space 6848K,  68% used [0x00000000a6030000, 0x00000000a64bcf40, 0x00000000a66e0000)
  to   space 6848K,   0% used [0x00000000a5980000, 0x00000000a5980000, 0x00000000a6030000)
 tenured generation   total 136892K, used 100566K [0x00000000c1800000, 0x00000000c9daf000, 0x0000000100000000)
   the space 136892K,  73% used [0x00000000c1800000, 0x00000000c7a35970, 0x00000000c7a35a00, 0x00000000c9daf000)
 Metaspace       used 51746K, capacity 53132K, committed 53248K, reserved 1095680K
  class space    used 7060K, capacity 7344K, committed 7424K, reserved 1048576K
Event: 45.828 GC heap after
Heap after GC invocations=361 (full 3):
 def new generation   total 61632K, used 724K [0x00000000a2400000, 0x00000000a66e0000, 0x00000000c1800000)
  eden space 54784K,   0% used [0x00000000a2400000, 0x00000000a2400000, 0x00000000a5980000)
  from space 6848K,  10% used [0x00000000a5980000, 0x00000000a5a35230, 0x00000000a6030000)
  to   space 6848K,   0% used [0x00000000a6030000, 0x00000000a6030000, 0x00000000a66e0000)
 tenured generation   total 136892K, used 105041K [0x00000000c1800000, 0x00000000c9daf000, 0x0000000100000000)
   the space 136892K,  76% used [0x00000000c1800000, 0x00000000c7e947c8, 0x00000000c7e94800, 0x00000000c9daf000)
 Metaspace       used 51746K, capacity 53132K, committed 53248K, reserved 1095680K
  class space    used 7060K, capacity 7344K, committed 7424K, reserved 1048576K
}
Event: 45.835 GC heap before
{Heap before GC invocations=361 (full 3):
 def new generation   total 61632K, used 55508K [0x00000000a2400000, 0x00000000a66e0000, 0x00000000c1800000)
  eden space 54784K, 100% used [0x00000000a2400000, 0x00000000a5980000, 0x00000000a5980000)
  from space 6848K,  10% used [0x00000000a5980000, 0x00000000a5a35230, 0x00000000a6030000)
  to   space 6848K,   0% used [0x00000000a6030000, 0x00000000a6030000, 0x00000000a66e0000)
 tenured generation   total 136892K, used 105041K [0x00000000c1800000, 0x00000000c9daf000, 0x0000000100000000)
   the space 136892K,  76% used [0x00000000c1800000, 0x00000000c7e947c8, 0x00000000c7e94800, 0x00000000c9daf000)
 Metaspace       used 51746K, capacity 53132K, committed 53248K, reserved 1095680K
  class space    used 7060K, capacity 7344K, committed 7424K, reserved 1048576K
Event: 45.838 GC heap after
Heap after GC invocations=362 (full 3):
 def new generation   total 61632K, used 1281K [0x00000000a2400000, 0x00000000a66e0000, 0x00000000c1800000)
  eden space 54784K,   0% used [0x00000000a2400000, 0x00000000a2400000, 0x00000000a5980000)
  from space 6848K,  18% used [0x00000000a6030000, 0x00000000a6170758, 0x00000000a66e0000)
  to   space 6848K,   0% used [0x00000000a5980000, 0x00000000a5980000, 0x00000000a6030000)
 tenured generation   total 136892K, used 105041K [0x00000000c1800000, 0x00000000c9daf000, 0x0000000100000000)
   the space 136892K,  76% used [0x00000000c1800000, 0x00000000c7e947c8, 0x00000000c7e94800, 0x00000000c9daf000)
 Metaspace       used 51746K, capacity 53132K, committed 53248K, reserved 1095680K
  class space    used 7060K, capacity 7344K, committed 7424K, reserved 1048576K
}
Event: 45.846 GC heap before
{Heap before GC invocations=362 (full 3):
 def new generation   total 61632K, used 56065K [0x00000000a2400000, 0x00000000a66e0000, 0x00000000c1800000)
  eden space 54784K, 100% used [0x00000000a2400000, 0x00000000a5980000, 0x00000000a5980000)
  from space 6848K,  18% used [0x00000000a6030000, 0x00000000a6170758, 0x00000000a66e0000)
  to   space 6848K,   0% used [0x00000000a5980000, 0x00000000a5980000, 0x00000000a6030000)
 tenured generation   total 136892K, used 105041K [0x00000000c1800000, 0x00000000c9daf000, 0x0000000100000000)
   the space 136892K,  76% used [0x00000000c1800000, 0x00000000c7e947c8, 0x00000000c7e94800, 0x00000000c9daf000)
 Metaspace       used 51746K, capacity 53132K, committed 53248K, reserved 1095680K
  class space    used 7060K, capacity 7344K, committed 7424K, reserved 1048576K
Event: 45.848 GC heap after
Heap after GC invocations=363 (full 3):
 def new generation   total 61632K, used 2571K [0x00000000a2400000, 0x00000000a66e0000, 0x00000000c1800000)
  eden space 54784K,   0% used [0x00000000a2400000, 0x00000000a2400000, 0x00000000a5980000)
  from space 6848K,  37% used [0x00000000a5980000, 0x00000000a5c02c08, 0x00000000a6030000)
  to   space 6848K,   0% used [0x00000000a6030000, 0x00000000a6030000, 0x00000000a66e0000)
 tenured generation   total 136892K, used 105041K [0x00000000c1800000, 0x00000000c9daf000, 0x0000000100000000)
   the space 136892K,  76% used [0x00000000c1800000, 0x00000000c7e947c8, 0x00000000c7e94800, 0x00000000c9daf000)
 Metaspace       used 51746K, capacity 53132K, committed 53248K, reserved 1095680K
  class space    used 7060K, capacity 7344K, committed 7424K, reserved 1048576K
}
Event: 45.854 GC heap before
{Heap before GC invocations=363 (full 3):
 def new generation   total 61632K, used 57355K [0x00000000a2400000, 0x00000000a66e0000, 0x00000000c1800000)
  eden space 54784K, 100% used [0x00000000a2400000, 0x00000000a5980000, 0x00000000a5980000)
  from space 6848K,  37% used [0x00000000a5980000, 0x00000000a5c02c08, 0x00000000a6030000)
  to   space 6848K,   0% used [0x00000000a6030000, 0x00000000a6030000, 0x00000000a66e0000)
 tenured generation   total 136892K, used 105041K [0x00000000c1800000, 0x00000000c9daf000, 0x0000000100000000)
   the space 136892K,  76% used [0x00000000c1800000, 0x00000000c7e947c8, 0x00000000c7e94800, 0x00000000c9daf000)
 Metaspace       used 51746K, capacity 53132K, committed 53248K, reserved 1095680K
  class space    used 7060K, capacity 7344K, committed 7424K, reserved 1048576K
Event: 45.856 GC heap after
Heap after GC invocations=364 (full 3):
 def new generation   total 61632K, used 2474K [0x00000000a2400000, 0x00000000a66e0000, 0x00000000c1800000)
  eden space 54784K,   0% used [0x00000000a2400000, 0x00000000a2400000, 0x00000000a5980000)
  from space 6848K,  36% used [0x00000000a6030000, 0x00000000a629a8f0, 0x00000000a66e0000)
  to   space 6848K,   0% used [0x00000000a5980000, 0x00000000a5980000, 0x00000000a6030000)
 tenured generation   total 136892K, used 105041K [0x00000000c1800000, 0x00000000c9daf000, 0x0000000100000000)
   the space 136892K,  76% used [0x00000000c1800000, 0x00000000c7e947c8, 0x00000000c7e94800, 0x00000000c9daf000)
 Metaspace       used 51746K, capacity 53132K, committed 53248K, reserved 1095680K
  class space    used 7060K, capacity 7344K, committed 7424K, reserved 1048576K
}
Event: 45.934 GC heap before
{Heap before GC invocations=364 (full 3):
 def new generation   total 61632K, used 57258K [0x00000000a2400000, 0x00000000a66e0000, 0x00000000c1800000)
  eden space 54784K, 100% used [0x00000000a2400000, 0x00000000a5980000, 0x00000000a5980000)
  from space 6848K,  36% used [0x00000000a6030000, 0x00000000a629a8f0, 0x00000000a66e0000)
  to   space 6848K,   0% used [0x00000000a5980000, 0x00000000a5980000, 0x00000000a6030000)
 tenured generation   total 136892K, used 105041K [0x00000000c1800000, 0x00000000c9daf000, 0x0000000100000000)
   the space 136892K,  76% used [0x00000000c1800000, 0x00000000c7e947c8, 0x00000000c7e94800, 0x00000000c9daf000)
 Metaspace       used 51749K, capacity 53132K, committed 53248K, reserved 1095680K
  class space    used 7060K, capacity 7344K, committed 7424K, reserved 1048576K
Event: 45.938 GC heap after
Heap after GC invocations=365 (full 3):
 def new generation   total 61632K, used 4635K [0x00000000a2400000, 0x00000000a66e0000, 0x00000000c1800000)
  eden space 54784K,   0% used [0x00000000a2400000, 0x00000000a2400000, 0x00000000a5980000)
  from space 6848K,  67% used [0x00000000a5980000, 0x00000000a5e06e90, 0x00000000a6030000)
  to   space 6848K,   0% used [0x00000000a6030000, 0x00000000a6030000, 0x00000000a66e0000)
 tenured generation   total 136892K, used 105041K [0x00000000c1800000, 0x00000000c9daf000, 0x0000000100000000)
   the space 136892K,  76% used [0x00000000c1800000, 0x00000000c7e947c8, 0x00000000c7e94800, 0x00000000c9daf000)
 Metaspace       used 51749K, capacity 53132K, committed 53248K, reserved 1095680K
  class space    used 7060K, capacity 7344K, committed 7424K, reserved 1048576K
}

